============================= test session starts ==============================
platform darwin -- Python 3.12.12, pytest-9.0.3, pluggy-1.6.0
rootdir: /Users/aryansingh/Documents/Claude/Projects/cutctx
configfile: pyproject.toml
plugins: anyio-4.12.1, langsmith-0.8.0, asyncio-1.3.0, cov-7.0.0
asyncio: mode=Mode.AUTO, debug=False, asyncio_default_fixture_loop_scope=None, asyncio_default_test_loop_scope=function
collected 7629 items

tests/cli/test_memory.py ............................                    [  0%]
tests/cli/test_utils.py ...........................                      [  0%]
tests/integrations/test_strands/test_hooks.py sssssssss                  [  0%]
tests/integrations/test_strands/test_hooks_unit.py ..................... [  1%]
.........                                                                [  1%]
tests/integrations/test_strands/test_model.py ssssssssssssssss           [  1%]
tests/integrations/test_strands/test_model_unit.py ..................... [  1%]
......                                                                   [  1%]
tests/test_acceptance.py ..........                                      [  1%]
tests/test_adapter_hooks.py ...............................              [  2%]
tests/test_adaptive_sizer.py ................                            [  2%]
tests/test_agent_savings.py ...........F........                         [  2%]
tests/test_anthropic_beta_session_sticky.py ..........................   [  3%]
tests/test_anthropic_pre_upstream_backpressure.py ....................   [  3%]
tests/test_anthropic_stage_timings.py ...                                [  3%]
tests/test_audit.py .............................                        [  3%]
tests/test_auth_mode.py .......................                          [  4%]
tests/test_backend_anyllm.py ............                                [  4%]
tests/test_backend_bugs.py .....................................         [  4%]
tests/test_backend_streaming_cache_metrics.py ....                       [  4%]
tests/test_backends/test_litellm_cache_stats.py ...                      [  4%]
tests/test_banner_upstream_targets.py .........                          [  4%]
tests/test_bedrock_region.py ...........................                 [  5%]
tests/test_billing_integration.py ...........................            [  5%]
tests/test_binaries.py .....................                             [  5%]
tests/test_bundled_tools_savings.py ....ss                               [  6%]
tests/test_cache/test_anthropic.py .............                         [  6%]
tests/test_cache/test_backends.py ............................           [  6%]
tests/test_cache/test_base.py ...........                                [  6%]
tests/test_cache/test_client_integration.py ................             [  6%]
tests/test_cache/test_dynamic_detector.py .............................. [  7%]
...ss...                                                                 [  7%]
tests/test_cache/test_google.py ..................                       [  7%]
tests/test_cache/test_openai.py .............                            [  7%]
tests/test_cache/test_prefix_tracker.py .............................    [  8%]
tests/test_cache/test_registry.py ..............                         [  8%]
tests/test_cache/test_semantic.py ..................                     [  8%]
tests/test_cache_aligner_detector_only.py ......................         [  8%]
tests/test_canonical_pipeline.py .......F                                [  9%]
tests/test_capability_extensions.py ...............F...........          [  9%]
tests/test_ccr.py ....................                                   [  9%]
tests/test_ccr_batch_processor.py ...................................... [ 10%]
.............                                                            [ 10%]
tests/test_ccr_batch_store.py ..F.                                       [ 10%]
tests/test_ccr_context_tracker.py ...................................... [ 10%]
                                                                         [ 10%]
tests/test_ccr_feedback.py ....................                          [ 11%]
tests/test_ccr_mcp_server.py .FFF                                        [ 11%]
tests/test_ccr_response_handler.py .................................     [ 11%]
tests/test_ccr_response_handler_extra.py ..........                      [ 11%]
tests/test_ccr_row_drop_store_bridge.py .......F.                        [ 11%]
tests/test_ccr_rust_marker_hash_bridge.py ...                            [ 11%]
tests/test_ccr_tool_always_on.py ............                            [ 12%]
tests/test_ccr_tool_injection.py ..............................          [ 12%]
tests/test_checkout.py ..............                                    [ 12%]
tests/test_claude_session_branch_compare.py ......                       [ 12%]
tests/test_claude_session_mode_benchmark.py .............                [ 12%]
tests/test_cli/test_init_cli.py ....F................................... [ 13%]
.................                                                        [ 13%]
tests/test_cli/test_install_cli.py ............                          [ 13%]
tests/test_cli/test_main_help_version.py .....                           [ 13%]
tests/test_cli/test_mcp.py .................                             [ 14%]
tests/test_cli/test_unwrap_claude.py .....                               [ 14%]
tests/test_cli/test_wrap_aider.py .                                      [ 14%]
tests/test_cli/test_wrap_bridge.py ............                          [ 14%]
tests/test_cli/test_wrap_codex.py ............................F......... [ 14%]
...                                                                      [ 14%]
tests/test_cli/test_wrap_continue.py ..................                  [ 15%]
tests/test_cli/test_wrap_copilot.py .......................              [ 15%]
tests/test_cli/test_wrap_gemini.py .                                     [ 15%]
tests/test_cli/test_wrap_goose.py ..                                     [ 15%]
tests/test_cli/test_wrap_helpers.py .................................... [ 15%]
.                                                                        [ 15%]
tests/test_cli/test_wrap_hintfile_agents.py ..........                   [ 16%]
tests/test_cli/test_wrap_openclaw.py ...........................         [ 16%]
tests/test_cli/test_wrap_openhands.py .........                          [ 16%]
tests/test_cli/test_wrap_persistent.py ...................               [ 16%]
tests/test_cli/test_wrap_rtk_metrics.py ..........                       [ 16%]
tests/test_cli_learn.py .........                                        [ 17%]
tests/test_cli_perf_format.py ..........                                 [ 17%]
tests/test_cli_proxy_env.py ....................................         [ 17%]
tests/test_cli_proxy_improvements.py ................................... [ 18%]
.........                                                                [ 18%]
tests/test_cli_tools.py .........                                        [ 18%]
tests/test_code_compressor_thread_safety.py ........                     [ 18%]
tests/test_codex_openai_contract_parity.py .....                         [ 18%]
tests/test_codex_rate_limits.py .........................                [ 18%]
tests/test_codex_ws_compression_scheduler.py FFs.                        [ 18%]
tests/test_compaction_markdown_kv.py ............                        [ 19%]
tests/test_compress_api.py ................                              [ 19%]
tests/test_compress_failure.py .                                         [ 19%]
tests/test_compression/test_evals.py .........                           [ 19%]
tests/test_compression/test_json_handler.py ............................ [ 19%]
.                                                                        [ 19%]
tests/test_compression/test_llm_eval.py ssssssss                         [ 19%]
tests/test_compression/test_masks.py ........................            [ 20%]
tests/test_compression/test_universal.py ....................            [ 20%]
tests/test_compression_cache.py ...............................          [ 20%]
tests/test_compression_decision.py ..........................            [ 21%]
tests/test_compression_determinism.py ...                                [ 21%]
tests/test_compression_observability.py ...........                      [ 21%]
tests/test_compression_policy.py ...................                     [ 21%]
tests/test_compression_policy_toin_gate.py .......                       [ 21%]
tests/test_compression_safety_rails.py ........FFFFF.                    [ 21%]
tests/test_compression_store.py ........................................ [ 22%]
.............................................                            [ 22%]
tests/test_compression_summary.py ...........................            [ 23%]
tests/test_compression_summary_eval.py .........                         [ 23%]
tests/test_compression_summary_hard_eval.py sss                          [ 23%]
tests/test_compression_summary_integration.py sss                        [ 23%]
tests/test_compression_summary_tool_eval.py sss                          [ 23%]
tests/test_compression_units.py .......                                  [ 23%]
tests/test_config.py ....................................                [ 24%]
tests/test_copilot_auth.py .........................................     [ 24%]
tests/test_copilot_linux_secret.py ....                                  [ 24%]
tests/test_copilot_macos_keychain.py ....                                [ 24%]
tests/test_copilot_quota.py ..........................                   [ 25%]
tests/test_copilot_subscription_smoke.py ..........                      [ 25%]
tests/test_corrupt_golden_bytes_recovery.py .........                    [ 25%]
tests/test_cost_tracker_counterfactual.py .....                          [ 25%]
tests/test_critical_fixes.py ......                                      [ 25%]
tests/test_critical_gaps.py ...................s................         [ 25%]
tests/test_dashboard/test_live_feed.py EEEE                              [ 26%]
tests/test_dashboard_cache_ttl_playwright.py F                           [ 26%]
tests/test_dashboard_filter.py ........                                  [ 26%]
tests/test_difftastic_interceptor.py ............................ss      [ 26%]
tests/test_drain3_compressor.py ...................Fs..F..               [ 26%]
tests/test_dsr_cascade_e2e.py ....                                       [ 26%]
tests/test_dsr_endpoints.py FFFFFFF..                                    [ 27%]
tests/test_egress_enforcer.py ..............                             [ 27%]
tests/test_enterprise_smoke.py .........................                 [ 27%]
tests/test_entitlement_boundaries.py ................................... [ 28%]
........................................................................ [ 28%]
..............                                                           [ 29%]
tests/test_entitlements.py ...................................           [ 29%]
tests/test_episodic_memory_extractor.py ................................ [ 30%]
...                                                                      [ 30%]
tests/test_episodic_memory_proxy_integration.py ............             [ 30%]
tests/test_evals/test_html_extraction_eval.py ........sss..              [ 30%]
tests/test_evals/test_html_oss_benchmarks.py .......sss..                [ 30%]
tests/test_evals_datasets.py ..........                                  [ 30%]
tests/test_evals_metrics.py ......                                       [ 30%]
tests/test_exceptions.py ..                                              [ 30%]
tests/test_firewall_comprehensive.py ................................... [ 31%]
................................                                         [ 31%]
tests/test_fleet.py ..                                                   [ 31%]
tests/test_forwarded_headers.py ....................................     [ 32%]
tests/test_google_multimodal.py ........................................ [ 32%]
..................                                                       [ 32%]
tests/test_google_multimodal_e2e.py ssssss                               [ 33%]
tests/test_graph.py ................                                     [ 33%]
tests/test_graphify_index.py ..................                          [ 33%]
tests/test_handler_outcome_tag_invariant.py ...                          [ 33%]
tests/test_header_isolation.py ........................                  [ 33%]
tests/test_hnsw_only.py ......                                           [ 33%]
tests/test_hooks.py ...........                                          [ 34%]
tests/test_image_compression.py .............................            [ 34%]
tests/test_image_compression_decision.py .................               [ 34%]
tests/test_image_compressor.py ......................................... [ 35%]
.................                                                        [ 35%]
tests/test_image_log_redaction.py .................                      [ 35%]
tests/test_image_ocr_api_compat.py ...........                           [ 35%]
tests/test_install/test_health.py ...                                    [ 35%]
tests/test_install/test_native_installers.py .s                          [ 35%]
tests/test_install/test_paths.py ...                                     [ 35%]
tests/test_install/test_planner.py .....                                 [ 35%]
tests/test_install/test_providers.py .............................       [ 36%]
tests/test_install/test_runtime.py ..............                        [ 36%]
tests/test_install/test_state.py ...                                     [ 36%]
tests/test_install/test_supervisors.py .F..F..........                   [ 36%]
tests/test_integrations/agno/test_hooks.py .F.................FF...F     [ 37%]
tests/test_integrations/agno/test_model.py ...F...................FF...F [ 37%]
...............F.....F..sssss                                            [ 37%]
tests/test_integrations/langchain/test_agents.py ....................... [ 38%]
...                                                                      [ 38%]
tests/test_integrations/langchain/test_chat_model.py ...FF.............. [ 38%]
...F...F.F.sssssssss                                                     [ 38%]
tests/test_integrations/langchain/test_evals.py ............             [ 38%]
tests/test_integrations/langchain/test_extended.py ..................... [ 39%]
......................                                                   [ 39%]
tests/test_integrations/langchain/test_langchain_live.py ssssssssssss    [ 39%]
tests/test_integrations/langchain/test_langgraph.py .................... [ 39%]
                                                                         [ 39%]
tests/test_integrations/langchain/test_memory.py ....................... [ 40%]
..                                                                       [ 40%]
tests/test_integrations/langchain/test_retriever.py .................... [ 40%]
...........                                                              [ 40%]
tests/test_integrations/langchain/test_streaming.py .................... [ 40%]
....................                                                     [ 41%]
tests/test_integrations/mcp/test_server.py ............................. [ 41%]
...                                                                      [ 41%]
tests/test_intelligence_e2e.py ......................................... [ 42%]
..                                                                       [ 42%]
tests/test_intelligence_layer.py ....................................... [ 42%]
...........................                                              [ 42%]
tests/test_intelligence_pipeline.py .............................        [ 43%]
tests/test_issue_728_empty_tools_injection.py .......                    [ 43%]
tests/test_issue_746_tool_search.py ..............................       [ 43%]
tests/test_kompress_preload_deferral.py ......                           [ 43%]
tests/test_lean_ctx_installer.py ..........                              [ 44%]
tests/test_learn/test_analyzer.py ...................................... [ 44%]
......................................                                   [ 44%]
tests/test_learn/test_gemini_scanner.py ..................               [ 45%]
tests/test_learn/test_integration.py .......s........                    [ 45%]
tests/test_learn/test_registry.py .............                          [ 45%]
tests/test_learn/test_scanner.py ........F.F....................         [ 46%]
tests/test_learn/test_writer.py .................                        [ 46%]
tests/test_log_compressor.py ........................................... [ 46%]
...                                                                      [ 46%]
tests/test_management_api_entitlements.py ......                         [ 46%]
tests/test_mcp_registry/test_claude_registrar.py .....................   [ 47%]
tests/test_mcp_registry/test_codex_registrar.py ........F..F.......F.... [ 47%]
.                                                                        [ 47%]
tests/test_mcp_registry/test_display.py ................                 [ 47%]
tests/test_mcp_registry/test_install.py ..........                       [ 47%]
tests/test_mcp_registry/test_ledger.py ....                              [ 47%]
tests/test_memory/test_budget.py ...........                             [ 48%]
tests/test_memory/test_core_operations.py .............................. [ 48%]
......................                                                   [ 48%]
tests/test_memory/test_easy.py ...................................       [ 49%]
tests/test_memory/test_embedder_mps_serialization.py ....                [ 49%]
tests/test_memory/test_extraction.py ................................... [ 49%]
..................................................                       [ 50%]
tests/test_memory/test_factory.py ...................................... [ 50%]
.......                                                                  [ 50%]
tests/test_memory/test_factory_external.py .......                       [ 51%]
tests/test_memory/test_hierarchical.py ................................. [ 51%]
......                                                                   [ 51%]
tests/test_memory/test_learn_flag.py .......................             [ 51%]
tests/test_memory/test_mcp_server.py .                                   [ 51%]
tests/test_memory/test_qdrant_env.py ................................... [ 52%]
...............                                                          [ 52%]
tests/test_memory/test_traffic_learner.py .............................. [ 52%]
........................................................................ [ 53%]
.....................................                                    [ 54%]
tests/test_memory/test_writers.py ........................               [ 54%]
tests/test_memory_auto_tail.py ............                              [ 54%]
tests/test_memory_bridge.py ..FF....................F..............F     [ 55%]
tests/test_memory_decision.py ....................                       [ 55%]
tests/test_memory_eval.py ..................                             [ 55%]
tests/test_memory_handler_concurrent_init.py ........                    [ 55%]
tests/test_memory_handler_native_ops.py ...............................  [ 56%]
tests/test_memory_handler_project_isolation.py .....                     [ 56%]
tests/test_memory_injection_budget.py ..........                         [ 56%]
tests/test_memory_integration.py ssssssssss...                           [ 56%]
tests/test_memory_invariants.py ...                                      [ 56%]
tests/test_memory_query.py ..............                                [ 56%]
tests/test_memory_ranker.py ..................                           [ 57%]
tests/test_memory_service_routes.py .                                    [ 57%]
tests/test_memory_storage_router.py ...F..................               [ 57%]
tests/test_memory_sync.py ..............................                 [ 57%]
tests/test_memory_system.py ............................................ [ 58%]
............................................................             [ 59%]
tests/test_memory_tool_mode.py ....                                      [ 59%]
tests/test_memory_tool_session_sticky.py .............................   [ 59%]
tests/test_memory_tracker.py ........................                    [ 59%]
tests/test_memory_tracker_integration.py ...............                 [ 60%]
tests/test_memory_usage_integration.py ....s...                          [ 60%]
tests/test_memory_wrapper.py .....                                       [ 60%]
tests/test_mfa_totp.py ..................                                [ 60%]
tests/test_ml_model_registry_lifecycle.py ......                         [ 60%]
tests/test_model_router.py .................                             [ 60%]
tests/test_models.py ..............................                      [ 61%]
tests/test_network_diff_capture.py .F                                    [ 61%]
tests/test_oauth_bearer_routing.py ...................                   [ 61%]
tests/test_observability_metrics.py ....                                 [ 61%]
tests/test_observability_tracing.py .F..                                 [ 61%]
tests/test_onnx_runtime.py ..                                            [ 61%]
tests/test_openai_beta_session_sticky.py .................               [ 61%]
tests/test_openai_codex_routing.py ............                          [ 62%]
tests/test_openai_codex_ws_lifecycle.py .........F....                   [ 62%]
tests/test_openai_codex_ws_timings.py ....                               [ 62%]
tests/test_openai_responses_compression_units.py ............            [ 62%]
tests/test_openai_responses_context_compaction.py .........              [ 62%]
tests/test_openai_responses_t3_replay_regression.py ..                   [ 62%]
tests/test_openai_streaming_backend.py sss..                             [ 62%]
tests/test_org.py ..............................                         [ 63%]
tests/test_owned_asset_encoding.py ...                                   [ 63%]
tests/test_package_init_lazy.py F.....                                   [ 63%]
tests/test_parser.py ................................................... [ 63%]
.........................                                                [ 64%]
tests/test_paths.py .................................................... [ 64%]
.......................                                                  [ 65%]
tests/test_paths_backward_compat.py ....                                 [ 65%]
tests/test_pipeline.py ...                                               [ 65%]
tests/test_pipeline_integration.py ..................................    [ 65%]
tests/test_plugin_manifests.py ..F..                                     [ 65%]
tests/test_plugins_hermes_retrieve.py ............                       [ 65%]
tests/test_pr208_changes.py ............................................ [ 66%]
.....                                                                    [ 66%]
tests/test_pricing.py .........                                          [ 66%]
tests/test_pricing_litellm.py .....                                      [ 66%]
tests/test_probe_recorder.py ...........                                 [ 66%]
tests/test_product_capabilities.py ..................................... [ 67%]
...........                                                              [ 67%]
tests/test_prometheus_stage_timing_concurrency.py ..                     [ 67%]
tests/test_provider_aider.py ....                                        [ 67%]
tests/test_provider_claude.py .                                          [ 67%]
tests/test_provider_codex_install.py ..                                  [ 67%]
tests/test_provider_codex_runtime.py .....                               [ 67%]
tests/test_provider_copilot_wrap.py ..................                   [ 67%]
tests/test_provider_cursor.py .....                                      [ 68%]
tests/test_provider_gemini_runtime.py ...                                [ 68%]
tests/test_provider_model_fallback.py ............................       [ 68%]
tests/test_provider_openclaw_wrap.py .......                             [ 68%]
tests/test_provider_package_init.py .....                                [ 68%]
tests/test_provider_proxy_routes.py .............                        [ 68%]
tests/test_provider_registry.py ...........                              [ 68%]
tests/test_provider_registry_extended.py ......                          [ 68%]
tests/test_providers/test_anthropic.py ........                          [ 69%]
tests/test_providers/test_cohere.py ...............                      [ 69%]
tests/test_providers/test_openai.py ...................                  [ 69%]
tests/test_providers/test_universal.py ................................. [ 69%]
......                                                                   [ 70%]
tests/test_proxy/test_anthropic_ccr_raise.py .                           [ 70%]
tests/test_proxy/test_compression_failure_action.py ..............       [ 70%]
tests/test_proxy/test_compute_turn_id.py ................                [ 70%]
tests/test_proxy/test_header_safe_transforms.py .....                    [ 70%]
tests/test_proxy/test_mcp_stats_aggregation.py .....                     [ 70%]
tests/test_proxy/test_openai_backend_path.py .....                       [ 70%]
tests/test_proxy/test_request_logger.py ....                             [ 70%]
tests/test_proxy/test_transformations_feed.py ...                        [ 70%]
tests/test_proxy_anthropic_cache_stability.py ......................     [ 71%]
tests/test_proxy_anthropic_compression_diagnostics.py ..                 [ 71%]
tests/test_proxy_batch_integration.py sssssssssssss..s                   [ 71%]
tests/test_proxy_byte_faithful_forwarding.py ........................... [ 71%]
.                                                                        [ 71%]
tests/test_proxy_cache_ttl_metrics.py ........                           [ 71%]
tests/test_proxy_ccr.py .........................                        [ 72%]
tests/test_proxy_codex_route_aliases.py ......                           [ 72%]
tests/test_proxy_compress_endpoint.py .........                          [ 72%]
tests/test_proxy_compression_executor.py .........                       [ 72%]
tests/test_proxy_compression_headers.py ..........                       [ 72%]
tests/test_proxy_copilot_auth_hooks.py ..                                [ 72%]
tests/test_proxy_count_tokens_integration.py ssssssssssssssssssss        [ 72%]
tests/test_proxy_dashboard_stats_cache.py ..FF..F.                       [ 72%]
tests/test_proxy_debug_endpoints.py ..........................           [ 73%]
tests/test_proxy_disable_kompress.py ..                                  [ 73%]
tests/test_proxy_gemini_integration.py sssssssss                         [ 73%]
tests/test_proxy_gemini_native_integration.py ssssssssssssssssss         [ 73%]
tests/test_proxy_google_cloudcode_route_aliases.py .......               [ 73%]
tests/test_proxy_handler_helpers.py ......................               [ 73%]
tests/test_proxy_handlers_batch.py ....................                  [ 74%]
tests/test_proxy_healthchecks.py ............                            [ 74%]
tests/test_proxy_hooks_regression.py .                                   [ 74%]
tests/test_proxy_memory_integration.py ssssssssssss                      [ 74%]
tests/test_proxy_mode_benchmark.py .                                     [ 74%]
tests/test_proxy_modes.py .....                                          [ 74%]
tests/test_proxy_openai_cache_stability.py ...                           [ 74%]
tests/test_proxy_openai_responses_bypass.py .                            [ 74%]
tests/test_proxy_openai_responses_integration.py ssssssssssssss          [ 74%]
tests/test_proxy_package_init.py ...                                     [ 74%]
tests/test_proxy_passthrough_integration.py ssssssssssssssssss.s         [ 75%]
tests/test_proxy_pipeline_lifecycle.py ...                               [ 75%]
tests/test_proxy_project_savings.py ...............                      [ 75%]
tests/test_proxy_savings_history.py ................                     [ 75%]
tests/test_proxy_scalability.py ..............                           [ 75%]
tests/test_proxy_streaming_ratelimit_headers.py ..........               [ 75%]
tests/test_proxy_streaming_request_logger.py ........                    [ 76%]
tests/test_proxy_streaming_resilience.py ........................        [ 76%]
tests/test_proxy_system_prompt_immutable.py .......                      [ 76%]
tests/test_proxy_telemetry_env.py ...                                    [ 76%]
tests/test_proxy_warmup.py .........                                     [ 76%]
tests/test_quality_retention.py .....................                    [ 76%]
tests/test_quota_registry.py ...................                         [ 77%]
tests/test_rbac.py ..................                                    [ 77%]
tests/test_rbac_persistence.py ..............                            [ 77%]
tests/test_realignment_live_multi_turn.py ssssssss.                      [ 77%]
tests/test_release_version.py ...............                            [ 77%]
tests/test_release_workflows.py ......ss.....................F           [ 78%]
tests/test_relevance.py .................................                [ 78%]
tests/test_relevance_bm25.py ..............................              [ 79%]
tests/test_relevance_extra.py .........                                  [ 79%]
tests/test_reporting.py ...........                                      [ 79%]
tests/test_request_outcome.py .................................          [ 79%]
tests/test_residency_proof.py .....                                      [ 79%]
tests/test_responses_pyo3_compression.py .................               [ 80%]
tests/test_responses_ws_pyo3_compression.py ...........................  [ 80%]
tests/test_retention.py ............                                     [ 80%]
tests/test_route_modules.py ...........F...........                      [ 80%]
tests/test_rtk_installer.py ...                                          [ 80%]
tests/test_rust_core_smoke.py ....                                       [ 80%]
tests/test_savings_buyer_report.py ..........                            [ 81%]
tests/test_savings_cli.py ............                                   [ 81%]
tests/test_savings_corruption_recovery.py ..........                     [ 81%]
tests/test_savings_cost_integration.py .....                             [ 81%]
tests/test_savings_hot_path.py .............                             [ 81%]
tests/test_savings_metadata.py ......                                    [ 81%]
tests/test_savings_metadata_response_headers.py .........                [ 81%]
tests/test_savings_module.py ...........................                 [ 82%]
tests/test_savings_orchestration.py .................................... [ 82%]
...................                                                      [ 82%]
tests/test_schema_compress.py .......................................... [ 83%]
...........                                                              [ 83%]
tests/test_scim.py ..                                                    [ 83%]
tests/test_scripts/test_repro_codex_replay_smoke.py ..                   [ 83%]
tests/test_search_compressor.py ........................................ [ 84%]
.........                                                                [ 84%]
tests/test_seats.py ...............                                      [ 84%]
tests/test_secrets_store.py ..............                               [ 84%]
tests/test_security_hardening.py ............                            [ 84%]
tests/test_security_validations.py ...........                           [ 84%]
tests/test_session_probes.py ......................                      [ 85%]
tests/test_shared_context.py ...............                             [ 85%]
tests/test_ship_it_coverage.py ......................................... [ 86%]
                                                                         [ 86%]
tests/test_signals_keyword_parity.py .........                           [ 86%]
tests/test_smart_crusher_toin_attachment.py ............                 [ 86%]
tests/test_software_protection.py ................................       [ 86%]
tests/test_sqlite_graph_store.py .....................................   [ 87%]
tests/test_sqlite_vector_index.py ..................                     [ 87%]
tests/test_sse_thinking_blocks.py ....                                   [ 87%]
tests/test_sse_utf8_split.py ....                                        [ 87%]
tests/test_ssl_context.py ..........                                     [ 87%]
tests/test_sso.py ...........................                            [ 88%]
tests/test_stage_timer.py ..........                                     [ 88%]
tests/test_startup_log_noise.py ..........                               [ 88%]
tests/test_state_crypto.py ............................                  [ 88%]
tests/test_storage/test_sqlite.py ...........................            [ 89%]
tests/test_storage_backends.py ......                                    [ 89%]
tests/test_strands_tokenizer.py ..............                           [ 89%]
tests/test_strategy_stats_supabase.py ...                                [ 89%]
tests/test_streaming_redactor_wired.py ......                            [ 89%]
tests/test_streaming_usage_parser.py .........                           [ 89%]
tests/test_subscription_base.py ....                                     [ 89%]
tests/test_subscription_client.py .....                                  [ 89%]
tests/test_subscription_tracker.py .....                                 [ 89%]
tests/test_subscription_tracker_rtk_wired.py ................            [ 89%]
tests/test_subscription_window_render.py ............                    [ 90%]
tests/test_tag_protection_integration.py .....s                          [ 90%]
tests/test_tag_protector_invariant.py ....                               [ 90%]
tests/test_telemetry.py ...........................................      [ 90%]
tests/test_telemetry_context.py ..........................               [ 91%]
tests/test_telemetry_warning.py ...............................          [ 91%]
tests/test_text_compressors.py ...................                       [ 91%]
tests/test_toin.py ...............ssssss....................             [ 92%]
tests/test_toin_feedback.py .sssss..........                             [ 92%]
tests/test_toin_fixes.py sss......sssss.......                           [ 92%]
tests/test_toin_full_integration.py ....ss.....                          [ 92%]
tests/test_toin_observation_only.py ...........s                         [ 93%]
tests/test_toin_publish.py .......                                       [ 93%]
tests/test_token_cutctx_mode.py ....................                   [ 93%]
tests/test_tokenizer.py ..                                               [ 93%]
tests/test_tokenizers.py .....................................ssssssssss [ 94%]
ssss                                                                     [ 94%]
tests/test_tool_result_interceptors.py ...................               [ 94%]
tests/test_transforms/test_code_compressor.py .......................... [ 94%]
..................................                                       [ 95%]
tests/test_transforms/test_content_router.py ........................... [ 95%]
............                                                             [ 95%]
tests/test_transforms/test_diff_compressor.py .......................... [ 96%]
...                                                                      [ 96%]
tests/test_transforms/test_diff_compressor_rust_parity.py .F.F.FFFFFFF.F [ 96%]
FFFFFFFFFF.FF...                                                         [ 96%]
tests/test_transforms/test_html_extractor.py ........................... [ 96%]
..                                                                       [ 96%]
tests/test_transforms/test_kompress_compressor.py ...................... [ 97%]
......                                                                   [ 97%]
tests/test_transforms/test_read_lifecycle.py ......................      [ 97%]
tests/test_transforms/test_smart_crusher_attribution.py .....            [ 97%]
tests/test_transforms/test_smart_crusher_bugs.py ...                     [ 97%]
tests/test_transforms/test_smart_crusher_ccr_roundtrip.py .............. [ 97%]
                                                                         [ 97%]
tests/test_transforms/test_smart_crusher_lossless_default.py ...         [ 97%]
tests/test_transforms/test_smart_crusher_rust_parity.py ................ [ 98%]
..                                                                       [ 98%]
tests/test_transforms/test_tag_protector.py ............................ [ 98%]
.                                                                        [ 98%]
tests/test_transforms/test_tree_sitter_thread_safety.py .........        [ 98%]
tests/test_transforms_content_detection.py .........                     [ 98%]
tests/test_transforms_content_router.py ....................             [ 98%]
tests/test_transforms_log_compressor.py ....                             [ 98%]
tests/test_transforms_package.py .                                       [ 98%]
tests/test_transforms_search_compressor.py ....                          [ 99%]
tests/test_trial.py ..........                                           [ 99%]
tests/test_utils.py ....                                                 [ 99%]
tests/test_webhook_persistence.py ..........                             [ 99%]
tests/test_webhooks.py .....F...............F                            [ 99%]
tests/test_ws_http_fallback.py ..........                                [ 99%]
tests/test_ws_memory_relay.py ..........                                 [ 99%]
tests/test_ws_session_registry.py ........                               [100%]

==================================== ERRORS ====================================
________________ ERROR at setup of test_live_feed_button_exists ________________
E   playwright._impl._errors.Error: BrowserType.launch: Executable doesn't exist at /Users/aryansingh/Library/Caches/ms-playwright/chromium_headless_shell-1223/chrome-headless-shell-mac-arm64/chrome-headless-shell
    ╔════════════════════════════════════════════════════════════╗
    ║ Looks like Playwright was just installed or updated.       ║
    ║ Please run the following command to download new browsers: ║
    ║                                                            ║
    ║     playwright install                                     ║
    ║                                                            ║
    ║ <3 Playwright Team                                         ║
    ╚════════════════════════════════════════════════════════════╝
________________ ERROR at setup of test_live_feed_drawer_opens _________________
E   playwright._impl._errors.Error: BrowserType.launch: Executable doesn't exist at /Users/aryansingh/Library/Caches/ms-playwright/chromium_headless_shell-1223/chrome-headless-shell-mac-arm64/chrome-headless-shell
    ╔════════════════════════════════════════════════════════════╗
    ║ Looks like Playwright was just installed or updated.       ║
    ║ Please run the following command to download new browsers: ║
    ║                                                            ║
    ║     playwright install                                     ║
    ║                                                            ║
    ║ <3 Playwright Team                                         ║
    ╚════════════════════════════════════════════════════════════╝
______________ ERROR at setup of test_live_feed_shows_empty_state ______________
E   playwright._impl._errors.Error: BrowserType.launch: Executable doesn't exist at /Users/aryansingh/Library/Caches/ms-playwright/chromium_headless_shell-1223/chrome-headless-shell-mac-arm64/chrome-headless-shell
    ╔════════════════════════════════════════════════════════════╗
    ║ Looks like Playwright was just installed or updated.       ║
    ║ Please run the following command to download new browsers: ║
    ║                                                            ║
    ║     playwright install                                     ║
    ║                                                            ║
    ║ <3 Playwright Team                                         ║
    ╚════════════════════════════════════════════════════════════╝
____________ ERROR at setup of test_live_feed_fetches_and_displays _____________
E   playwright._impl._errors.Error: BrowserType.launch: Executable doesn't exist at /Users/aryansingh/Library/Caches/ms-playwright/chromium_headless_shell-1223/chrome-headless-shell-mac-arm64/chrome-headless-shell
    ╔════════════════════════════════════════════════════════════╗
    ║ Looks like Playwright was just installed or updated.       ║
    ║ Please run the following command to download new browsers: ║
    ║                                                            ║
    ║     playwright install                                     ║
    ║                                                            ║
    ║ <3 Playwright Team                                         ║
    ╚════════════════════════════════════════════════════════════╝
=================================== FAILURES ===================================
E   assert (1 - (3015 / 11012)) >= 0.9
/Users/aryansingh/Documents/Claude/Projects/cutctx/tests/test_agent_savings.py:217: assert (1 - (3015 / 11012)) >= 0.9
E   NameError: name 'CutctxMode' is not defined
/Users/aryansingh/Documents/Claude/Projects/cutctx/tests/test_canonical_pipeline.py:295: NameError: name 'CutctxMode' is not defined
E   assert False is True
/Users/aryansingh/Documents/Claude/Projects/cutctx/tests/test_capability_extensions.py:295: assert False is True
E   assert 0 == 2
/Users/aryansingh/Documents/Claude/Projects/cutctx/tests/test_ccr_batch_store.py:85: assert 0 == 2
E   AttributeError: module 'cutctx.ccr.mcp_server' has no attribute 'CutctxMCPServer'
/Users/aryansingh/Documents/Claude/Projects/cutctx/tests/test_ccr_mcp_server.py:53: AttributeError: module 'cutctx.ccr.mcp_server' has no attribute 'CutctxMCPServer'
E   AttributeError: module 'cutctx.ccr.mcp_server' has no attribute 'CutctxMCPServer'
/Users/aryansingh/Documents/Claude/Projects/cutctx/tests/test_ccr_mcp_server.py:65: AttributeError: module 'cutctx.ccr.mcp_server' has no attribute 'CutctxMCPServer'
E   AttributeError: module 'cutctx.ccr.mcp_server' has no attribute 'CutctxMCPServer'
/Users/aryansingh/Documents/Claude/Projects/cutctx/tests/test_ccr_mcp_server.py:92: AttributeError: module 'cutctx.ccr.mcp_server' has no attribute 'CutctxMCPServer'
E   AssertionError: no CCR marker after /v1/compress on a 200-item array; compression didn't fire as expected: transforms=['router:protected:user_message', 'router:mixed:0.50']
    assert '<<ccr:' in '[{"role": "user", "content": "Get items"}, {"role": "assistant", "content": null, "tool_calls": [{"id": "c1", "type":...94 ok\\n195 | Result 195 ok\\n196 | Result 196 ok\\n197 | Result 197 ok\\n198 | Result 198 ok\\n199 | Result 199 ok"}]'
------------------------------ Captured log call -------------------------------
WARNING  cutctx.subscription.client:client.py:120 Anthropic usage API returned 429
/Users/aryansingh/Documents/Claude/Projects/cutctx/tests/test_ccr_row_drop_store_bridge.py:408: AssertionError: no CCR marker after /v1/compress on a 200-item array; compression didn't fire as expected: transforms=['router:protected:user_message', 'router:mixed:0.50']
E   AssertionError: assert '[cutctx init]' in '[cutctx init] init: global_scope=True port=8787 backend=anthropic anyllm_provider=None region=None memory=False invok...it -g codex\n  cutctx init -g gemini\n  cutctx init -g openclaw\n\nTip: run `cutctx init --help` to see all options.\n'
/Users/aryansingh/Documents/Claude/Projects/cutctx/tests/test_cli/test_init_cli.py:140: AssertionError: assert '[cutctx init]' in '[cutctx init] init: global_scope=True port=8787 backend=anthropic anyllm_provider=None region=None memory=False invok...it -g codex\n  cutctx init -g gemini\n  cutctx init -g openclaw\n\nTip: run `cutctx init --help` to see all options.\n'
E   assert 'http://127.0.0.1:9000' not in '# --- CutCt...Cutctx ---\n'
      
      'http://127.0.0.1:9000' is contained here:
        XY_URL = "http://127.0.0.1:9000"
        # --- end Cutctx MCP server ---
        
        # --- Cutctx MCP server: serena ---
        [mcp_servers.serena]...
      
      ...Full output truncated (11 lines hidden), use '-vv' to show
/Users/aryansingh/Documents/Claude/Projects/cutctx/tests/test_cli/test_wrap_codex.py:575: assert 'http://127.0.0.1:9000' not in '# --- CutCt...Cutctx ---\n'
E   FileNotFoundError: [Errno 2] No such file or directory: '/Users/aryansingh/Documents/Claude/Projects/cutctx/cutctx/proxy/handlers/openai/responses.py'
/Users/aryansingh/.local/share/uv/python/cpython-3.12.12-macos-aarch64-none/lib/python3.12/pathlib.py:1013: FileNotFoundError: [Errno 2] No such file or directory: '/Users/aryansingh/Documents/Claude/Projects/cutctx/cutctx/proxy/handlers/openai/responses.py'
E   FileNotFoundError: [Errno 2] No such file or directory: '/Users/aryansingh/Documents/Claude/Projects/cutctx/cutctx/proxy/handlers/openai/responses.py'
/Users/aryansingh/.local/share/uv/python/cpython-3.12.12-macos-aarch64-none/lib/python3.12/pathlib.py:1013: FileNotFoundError: [Errno 2] No such file or directory: '/Users/aryansingh/Documents/Claude/Projects/cutctx/cutctx/proxy/handlers/openai/responses.py'
E   NameError: name 'CutctxConfig' is not defined
/Users/aryansingh/Documents/Claude/Projects/cutctx/tests/test_compression_safety_rails.py:260: NameError: name 'CutctxConfig' is not defined
E   NameError: name 'CutctxConfig' is not defined
/Users/aryansingh/Documents/Claude/Projects/cutctx/tests/test_compression_safety_rails.py:271: NameError: name 'CutctxConfig' is not defined
E   NameError: name 'CutctxConfig' is not defined
/Users/aryansingh/Documents/Claude/Projects/cutctx/tests/test_compression_safety_rails.py:288: NameError: name 'CutctxConfig' is not defined
E   NameError: name 'CutctxConfig' is not defined
/Users/aryansingh/Documents/Claude/Projects/cutctx/tests/test_compression_safety_rails.py:305: NameError: name 'CutctxConfig' is not defined
E   NameError: name 'CutctxConfig' is not defined
/Users/aryansingh/Documents/Claude/Projects/cutctx/tests/test_compression_safety_rails.py:311: NameError: name 'CutctxConfig' is not defined
E   playwright._impl._errors.Error: BrowserType.launch: Executable doesn't exist at /Users/aryansingh/Library/Caches/ms-playwright/chromium_headless_shell-1223/chrome-headless-shell-mac-arm64/chrome-headless-shell
    ╔════════════════════════════════════════════════════════════╗
    ║ Looks like Playwright was just installed or updated.       ║
    ║ Please run the following command to download new browsers: ║
    ║                                                            ║
    ║     playwright install                                     ║
    ║                                                            ║
    ║ <3 Playwright Team                                         ║
    ╚════════════════════════════════════════════════════════════╝
/Users/aryansingh/Documents/Claude/Projects/cutctx/.venv/lib/python3.12/site-packages/playwright/_impl/_connection.py:559: playwright._impl._errors.Error: BrowserType.launch: Executable doesn't exist at /Users/aryansingh/Library/Caches/ms-playwright/chromium_headless_shell-1223/chrome-headless-shell-mac-arm64/chrome-headless-shell
E   AssertionError: assert 13 == 14
     +  where 13 = Drain3CompressionResult(compressed='WARN: retrying connection\n[14 more similar lines omitted — template: WARN: retryi...88886, drain3_used=True, stats={'original_lines': 15, 'compressed_lines': 2, 'clusters_found': 1, 'lines_omitted': 13}).lines_omitted
/Users/aryansingh/Documents/Claude/Projects/cutctx/tests/test_drain3_compressor.py:277: AssertionError: assert 13 == 14
E   AssertionError: assert True is False
     +  where True = Drain3CompressionResult(compressed='surviving line', original='surviving line', original_line_count=1, compressed_line...tio=1.0, drain3_used=True, stats={'original_lines': 1, 'compressed_lines': 1, 'clusters_found': 1, 'lines_omitted': 0}).drain3_used
/Users/aryansingh/Documents/Claude/Projects/cutctx/tests/test_drain3_compressor.py:339: AssertionError: assert True is False
  + Exception Group Traceback (most recent call last):
  |   File "/Users/aryansingh/Documents/Claude/Projects/cutctx/.venv/lib/python3.12/site-packages/starlette/_utils.py", line 81, in collapse_excgroups
  |     yield
  |   File "/Users/aryansingh/Documents/Claude/Projects/cutctx/.venv/lib/python3.12/site-packages/starlette/middleware/base.py", line 192, in __call__
  |     async with anyio.create_task_group() as task_group:
  |                ^^^^^^^^^^^^^^^^^^^^^^^^^
  |   File "/Users/aryansingh/Documents/Claude/Projects/cutctx/.venv/lib/python3.12/site-packages/anyio/_backends/_asyncio.py", line 783, in __aexit__
  |     raise BaseExceptionGroup(
  | ExceptionGroup: unhandled errors in a TaskGroup (1 sub-exception)
  +-+---------------- 1 ----------------
    | Traceback (most recent call last):
    |   File "/Users/aryansingh/Documents/Claude/Projects/cutctx/.venv/lib/python3.12/site-packages/_pytest/runner.py", line 353, in from_call
    |     result: TResult | None = func()
    |                              ^^^^^^
    |   File "/Users/aryansingh/Documents/Claude/Projects/cutctx/.venv/lib/python3.12/site-packages/_pytest/runner.py", line 245, in <lambda>
    |     lambda: runtest_hook(item=item, **kwds),
    |             ^^^^^^^^^^^^^^^^^^^^^^^^^^^^^^^
    |   File "/Users/aryansingh/Documents/Claude/Projects/cutctx/.venv/lib/python3.12/site-packages/pluggy/_hooks.py", line 512, in __call__
    |     return self._hookexec(self.name, self._hookimpls.copy(), kwargs, firstresult)
    |            ^^^^^^^^^^^^^^^^^^^^^^^^^^^^^^^^^^^^^^^^^^^^^^^^^^^^^^^^^^^^^^^^^^^^^^
    |   File "/Users/aryansingh/Documents/Claude/Projects/cutctx/.venv/lib/python3.12/site-packages/pluggy/_manager.py", line 120, in _hookexec
    |     return self._inner_hookexec(hook_name, methods, kwargs, firstresult)
    |            ^^^^^^^^^^^^^^^^^^^^^^^^^^^^^^^^^^^^^^^^^^^^^^^^^^^^^^^^^^^^^
    |   File "/Users/aryansingh/Documents/Claude/Projects/cutctx/.venv/lib/python3.12/site-packages/pluggy/_callers.py", line 167, in _multicall
    |     raise exception
    |   File "/Users/aryansingh/Documents/Claude/Projects/cutctx/.venv/lib/python3.12/site-packages/pluggy/_callers.py", line 139, in _multicall
    |     teardown.throw(exception)
    |   File "/Users/aryansingh/Documents/Claude/Projects/cutctx/.venv/lib/python3.12/site-packages/_pytest/logging.py", line 850, in pytest_runtest_call
    |     yield
    |   File "/Users/aryansingh/Documents/Claude/Projects/cutctx/.venv/lib/python3.12/site-packages/pluggy/_callers.py", line 139, in _multicall
    |     teardown.throw(exception)
    |   File "/Users/aryansingh/Documents/Claude/Projects/cutctx/.venv/lib/python3.12/site-packages/pluggy/_callers.py", line 53, in run_old_style_hookwrapper
    |     return result.get_result()
    |            ^^^^^^^^^^^^^^^^^^^
    |   File "/Users/aryansingh/Documents/Claude/Projects/cutctx/.venv/lib/python3.12/site-packages/pluggy/_result.py", line 103, in get_result
    |     raise exc.with_traceback(tb)
    |   File "/Users/aryansingh/Documents/Claude/Projects/cutctx/.venv/lib/python3.12/site-packages/pluggy/_callers.py", line 38, in run_old_style_hookwrapper
    |     res = yield
    |           ^^^^^
    |   File "/Users/aryansingh/Documents/Claude/Projects/cutctx/.venv/lib/python3.12/site-packages/pluggy/_callers.py", line 139, in _multicall
    |     teardown.throw(exception)
    |   File "/Users/aryansingh/Documents/Claude/Projects/cutctx/.venv/lib/python3.12/site-packages/_pytest/capture.py", line 900, in pytest_runtest_call
    |     return (yield)
    |             ^^^^^
    |   File "/Users/aryansingh/Documents/Claude/Projects/cutctx/.venv/lib/python3.12/site-packages/pluggy/_callers.py", line 139, in _multicall
    |     teardown.throw(exception)
    |   File "/Users/aryansingh/Documents/Claude/Projects/cutctx/.venv/lib/python3.12/site-packages/pluggy/_callers.py", line 53, in run_old_style_hookwrapper
    |     return result.get_result()
    |            ^^^^^^^^^^^^^^^^^^^
    |   File "/Users/aryansingh/Documents/Claude/Projects/cutctx/.venv/lib/python3.12/site-packages/pluggy/_result.py", line 103, in get_result
    |     raise exc.with_traceback(tb)
    |   File "/Users/aryansingh/Documents/Claude/Projects/cutctx/.venv/lib/python3.12/site-packages/pluggy/_callers.py", line 38, in run_old_style_hookwrapper
    |     res = yield
    |           ^^^^^
    |   File "/Users/aryansingh/Documents/Claude/Projects/cutctx/.venv/lib/python3.12/site-packages/pluggy/_callers.py", line 139, in _multicall
    |     teardown.throw(exception)
    |   File "/Users/aryansingh/Documents/Claude/Projects/cutctx/.venv/lib/python3.12/site-packages/_pytest/skipping.py", line 268, in pytest_runtest_call
    |     return (yield)
    |             ^^^^^
    |   File "/Users/aryansingh/Documents/Claude/Projects/cutctx/.venv/lib/python3.12/site-packages/pluggy/_callers.py", line 121, in _multicall
    |     res = hook_impl.function(*args)
    |           ^^^^^^^^^^^^^^^^^^^^^^^^^
    |   File "/Users/aryansingh/Documents/Claude/Projects/cutctx/.venv/lib/python3.12/site-packages/_pytest/runner.py", line 179, in pytest_runtest_call
    |     item.runtest()
    |   File "/Users/aryansingh/Documents/Claude/Projects/cutctx/.venv/lib/python3.12/site-packages/_pytest/python.py", line 1720, in runtest
    |     self.ihook.pytest_pyfunc_call(pyfuncitem=self)
    |   File "/Users/aryansingh/Documents/Claude/Projects/cutctx/.venv/lib/python3.12/site-packages/pluggy/_hooks.py", line 512, in __call__
    |     return self._hookexec(self.name, self._hookimpls.copy(), kwargs, firstresult)
    |            ^^^^^^^^^^^^^^^^^^^^^^^^^^^^^^^^^^^^^^^^^^^^^^^^^^^^^^^^^^^^^^^^^^^^^^
    |   File "/Users/aryansingh/Documents/Claude/Projects/cutctx/.venv/lib/python3.12/site-packages/pluggy/_manager.py", line 120, in _hookexec
    |     return self._inner_hookexec(hook_name, methods, kwargs, firstresult)
    |            ^^^^^^^^^^^^^^^^^^^^^^^^^^^^^^^^^^^^^^^^^^^^^^^^^^^^^^^^^^^^^
    |   File "/Users/aryansingh/Documents/Claude/Projects/cutctx/.venv/lib/python3.12/site-packages/pluggy/_callers.py", line 167, in _multicall
    |     raise exception
    |   File "/Users/aryansingh/Documents/Claude/Projects/cutctx/.venv/lib/python3.12/site-packages/pluggy/_callers.py", line 139, in _multicall
    |     teardown.throw(exception)
    |   File "/Users/aryansingh/Documents/Claude/Projects/cutctx/.venv/lib/python3.12/site-packages/pluggy/_callers.py", line 53, in run_old_style_hookwrapper
    |     return result.get_result()
    |            ^^^^^^^^^^^^^^^^^^^
    |   File "/Users/aryansingh/Documents/Claude/Projects/cutctx/.venv/lib/python3.12/site-packages/pluggy/_result.py", line 103, in get_result
    |     raise exc.with_traceback(tb)
    |   File "/Users/aryansingh/Documents/Claude/Projects/cutctx/.venv/lib/python3.12/site-packages/pluggy/_callers.py", line 38, in run_old_style_hookwrapper
    |     res = yield
    |           ^^^^^
    |   File "/Users/aryansingh/Documents/Claude/Projects/cutctx/.venv/lib/python3.12/site-packages/pluggy/_callers.py", line 121, in _multicall
    |     res = hook_impl.function(*args)
    |           ^^^^^^^^^^^^^^^^^^^^^^^^^
    |   File "/Users/aryansingh/Documents/Claude/Projects/cutctx/.venv/lib/python3.12/site-packages/_pytest/python.py", line 166, in pytest_pyfunc_call
    |     result = testfunction(**testargs)
    |              ^^^^^^^^^^^^^^^^^^^^^^^^
    |   File "/Users/aryansingh/Documents/Claude/Projects/cutctx/tests/test_dsr_endpoints.py", line 37, in test_dsr_export_unauthenticated_rejected
    |     r = client.get("/v1/me/export?user_id=alice")
    |         ^^^^^^^^^^^^^^^^^^^^^^^^^^^^^^^^^^^^^^^^^
    |   File "/Users/aryansingh/Documents/Claude/Projects/cutctx/.venv/lib/python3.12/site-packages/starlette/testclient.py", line 473, in get
    |     return super().get(
    |            ^^^^^^^^^^^^
    |   File "/Users/aryansingh/Documents/Claude/Projects/cutctx/.venv/lib/python3.12/site-packages/httpx/_client.py", line 1053, in get
    |     return self.request(
    |            ^^^^^^^^^^^^^
    |   File "/Users/aryansingh/Documents/Claude/Projects/cutctx/.venv/lib/python3.12/site-packages/starlette/testclient.py", line 445, in request
    |     return super().request(
    |            ^^^^^^^^^^^^^^^^
    |   File "/Users/aryansingh/Documents/Claude/Projects/cutctx/.venv/lib/python3.12/site-packages/httpx/_client.py", line 825, in request
    |     return self.send(request, auth=auth, follow_redirects=follow_redirects)
    |            ^^^^^^^^^^^^^^^^^^^^^^^^^^^^^^^^^^^^^^^^^^^^^^^^^^^^^^^^^^^^^^^^
    |   File "/Users/aryansingh/Documents/Claude/Projects/cutctx/.venv/lib/python3.12/site-packages/httpx/_client.py", line 914, in send
    |     response = self._send_handling_auth(
    |                ^^^^^^^^^^^^^^^^^^^^^^^^^
    |   File "/Users/aryansingh/Documents/Claude/Projects/cutctx/.venv/lib/python3.12/site-packages/httpx/_client.py", line 942, in _send_handling_auth
    |     response = self._send_handling_redirects(
    |                ^^^^^^^^^^^^^^^^^^^^^^^^^^^^^^
    |   File "/Users/aryansingh/Documents/Claude/Projects/cutctx/.venv/lib/python3.12/site-packages/httpx/_client.py", line 979, in _send_handling_redirects
    |     response = self._send_single_request(request)
    |                ^^^^^^^^^^^^^^^^^^^^^^^^^^^^^^^^^^
    |   File "/Users/aryansingh/Documents/Claude/Projects/cutctx/.venv/lib/python3.12/site-packages/httpx/_client.py", line 1014, in _send_single_request
    |     response = transport.handle_request(request)
    |                ^^^^^^^^^^^^^^^^^^^^^^^^^^^^^^^^^
    |   File "/Users/aryansingh/Documents/Claude/Projects/cutctx/.venv/lib/python3.12/site-packages/starlette/testclient.py", line 348, in handle_request
    |     raise exc
    |   File "/Users/aryansingh/Documents/Claude/Projects/cutctx/.venv/lib/python3.12/site-packages/starlette/testclient.py", line 345, in handle_request
    |     portal.call(self.app, scope, receive, send)
    |   File "/Users/aryansingh/Documents/Claude/Projects/cutctx/.venv/lib/python3.12/site-packages/anyio/from_thread.py", line 334, in call
    |     return cast(T_Retval, self.start_task_soon(func, *args).result())
    |                           ^^^^^^^^^^^^^^^^^^^^^^^^^^^^^^^^^^^^^^^^^^
    |   File "/Users/aryansingh/.local/share/uv/python/cpython-3.12.12-macos-aarch64-none/lib/python3.12/concurrent/futures/_base.py", line 456, in result
    |     return self.__get_result()
    |            ^^^^^^^^^^^^^^^^^^^
    |   File "/Users/aryansingh/.local/share/uv/python/cpython-3.12.12-macos-aarch64-none/lib/python3.12/concurrent/futures/_base.py", line 401, in __get_result
    |     raise self._exception
    |   File "/Users/aryansingh/Documents/Claude/Projects/cutctx/.venv/lib/python3.12/site-packages/anyio/from_thread.py", line 259, in _call_func
    |     retval = await retval_or_awaitable
    |              ^^^^^^^^^^^^^^^^^^^^^^^^^
    |   File "/Users/aryansingh/Documents/Claude/Projects/cutctx/.venv/lib/python3.12/site-packages/fastapi/applications.py", line 1159, in __call__
    |     await super().__call__(scope, receive, send)
    |   File "/Users/aryansingh/Documents/Claude/Projects/cutctx/.venv/lib/python3.12/site-packages/starlette/applications.py", line 90, in __call__
    |     await self.middleware_stack(scope, receive, send)
    |   File "/Users/aryansingh/Documents/Claude/Projects/cutctx/.venv/lib/python3.12/site-packages/starlette/middleware/errors.py", line 186, in __call__
    |     raise exc
    |   File "/Users/aryansingh/Documents/Claude/Projects/cutctx/.venv/lib/python3.12/site-packages/starlette/middleware/errors.py", line 164, in __call__
    |     await self.app(scope, receive, _send)
    |   File "/Users/aryansingh/Documents/Claude/Projects/cutctx/.venv/lib/python3.12/site-packages/starlette/middleware/base.py", line 191, in __call__
    |     with recv_stream, send_stream, collapse_excgroups():
    |                                    ^^^^^^^^^^^^^^^^^^^^
    |   File "/Users/aryansingh/.local/share/uv/python/cpython-3.12.12-macos-aarch64-none/lib/python3.12/contextlib.py", line 158, in __exit__
    |     self.gen.throw(value)
    |   File "/Users/aryansingh/Documents/Claude/Projects/cutctx/.venv/lib/python3.12/site-packages/starlette/_utils.py", line 87, in collapse_excgroups
    |     raise exc
    |   File "/Users/aryansingh/Documents/Claude/Projects/cutctx/.venv/lib/python3.12/site-packages/starlette/middleware/base.py", line 193, in __call__
    |     response = await self.dispatch_func(request, call_next)
    |                ^^^^^^^^^^^^^^^^^^^^^^^^^^^^^^^^^^^^^^^^^^^^
    |   File "/Users/aryansingh/Documents/Claude/Projects/cutctx/cutctx/proxy/server.py", line 3014, in _record_cutctx_stack
    |     response = await call_next(request)
    |                ^^^^^^^^^^^^^^^^^^^^^^^^
    |   File "/Users/aryansingh/Documents/Claude/Projects/cutctx/.venv/lib/python3.12/site-packages/starlette/middleware/base.py", line 168, in call_next
    |     raise app_exc from app_exc.__cause__ or app_exc.__context__
    |   File "/Users/aryansingh/Documents/Claude/Projects/cutctx/.venv/lib/python3.12/site-packages/starlette/middleware/base.py", line 144, in coro
    |     await self.app(scope, receive_or_disconnect, send_no_error)
    |   File "/Users/aryansingh/Documents/Claude/Projects/cutctx/.venv/lib/python3.12/site-packages/starlette/middleware/base.py", line 191, in __call__
    |     with recv_stream, send_stream, collapse_excgroups():
    |                                    ^^^^^^^^^^^^^^^^^^^^
    |   File "/Users/aryansingh/.local/share/uv/python/cpython-3.12.12-macos-aarch64-none/lib/python3.12/contextlib.py", line 158, in __exit__
    |     self.gen.throw(value)
    |   File "/Users/aryansingh/Documents/Claude/Projects/cutctx/.venv/lib/python3.12/site-packages/starlette/_utils.py", line 87, in collapse_excgroups
    |     raise exc
    |   File "/Users/aryansingh/Documents/Claude/Projects/cutctx/.venv/lib/python3.12/site-packages/starlette/middleware/base.py", line 193, in __call__
    |     response = await self.dispatch_func(request, call_next)
    |                ^^^^^^^^^^^^^^^^^^^^^^^^^^^^^^^^^^^^^^^^^^^^
    |   File "/Users/aryansingh/Documents/Claude/Projects/cutctx/cutctx/proxy/server.py", line 2439, in _trial_enforcement_middleware
    |     return await call_next(request)
    |            ^^^^^^^^^^^^^^^^^^^^^^^^
    |   File "/Users/aryansingh/Documents/Claude/Projects/cutctx/.venv/lib/python3.12/site-packages/starlette/middleware/base.py", line 168, in call_next
    |     raise app_exc from app_exc.__cause__ or app_exc.__context__
    |   File "/Users/aryansingh/Documents/Claude/Projects/cutctx/.venv/lib/python3.12/site-packages/starlette/middleware/base.py", line 144, in coro
    |     await self.app(scope, receive_or_disconnect, send_no_error)
    |   File "/Users/aryansingh/Documents/Claude/Projects/cutctx/.venv/lib/python3.12/site-packages/starlette/middleware/base.py", line 191, in __call__
    |     with recv_stream, send_stream, collapse_excgroups():
    |                                    ^^^^^^^^^^^^^^^^^^^^
    |   File "/Users/aryansingh/.local/share/uv/python/cpython-3.12.12-macos-aarch64-none/lib/python3.12/contextlib.py", line 158, in __exit__
    |     self.gen.throw(value)
    |   File "/Users/aryansingh/Documents/Claude/Projects/cutctx/.venv/lib/python3.12/site-packages/starlette/_utils.py", line 87, in collapse_excgroups
    |     raise exc
    |   File "/Users/aryansingh/Documents/Claude/Projects/cutctx/.venv/lib/python3.12/site-packages/starlette/middleware/base.py", line 193, in __call__
    |     response = await self.dispatch_func(request, call_next)
    |                ^^^^^^^^^^^^^^^^^^^^^^^^^^^^^^^^^^^^^^^^^^^^
    |   File "/Users/aryansingh/Documents/Claude/Projects/cutctx/cutctx/proxy/server.py", line 2350, in _rate_limit_middleware
    |     return await call_next(request)
    |            ^^^^^^^^^^^^^^^^^^^^^^^^
    |   File "/Users/aryansingh/Documents/Claude/Projects/cutctx/.venv/lib/python3.12/site-packages/starlette/middleware/base.py", line 168, in call_next
    |     raise app_exc from app_exc.__cause__ or app_exc.__context__
    |   File "/Users/aryansingh/Documents/Claude/Projects/cutctx/.venv/lib/python3.12/site-packages/starlette/middleware/base.py", line 144, in coro
    |     await self.app(scope, receive_or_disconnect, send_no_error)
    |   File "/Users/aryansingh/Documents/Claude/Projects/cutctx/.venv/lib/python3.12/site-packages/starlette/middleware/base.py", line 191, in __call__
    |     with recv_stream, send_stream, collapse_excgroups():
    |                                    ^^^^^^^^^^^^^^^^^^^^
    |   File "/Users/aryansingh/.local/share/uv/python/cpython-3.12.12-macos-aarch64-none/lib/python3.12/contextlib.py", line 158, in __exit__
    |     self.gen.throw(value)
    |   File "/Users/aryansingh/Documents/Claude/Projects/cutctx/.venv/lib/python3.12/site-packages/starlette/_utils.py", line 87, in collapse_excgroups
    |     raise exc
    |   File "/Users/aryansingh/Documents/Claude/Projects/cutctx/.venv/lib/python3.12/site-packages/starlette/middleware/base.py", line 193, in __call__
    |     response = await self.dispatch_func(request, call_next)
    |                ^^^^^^^^^^^^^^^^^^^^^^^^^^^^^^^^^^^^^^^^^^^^
    |   File "/Users/aryansingh/Documents/Claude/Projects/cutctx/cutctx/proxy/server.py", line 2295, in _firewall_scan_middleware
    |     return await call_next(request)
    |            ^^^^^^^^^^^^^^^^^^^^^^^^
    |   File "/Users/aryansingh/Documents/Claude/Projects/cutctx/.venv/lib/python3.12/site-packages/starlette/middleware/base.py", line 168, in call_next
    |     raise app_exc from app_exc.__cause__ or app_exc.__context__
    |   File "/Users/aryansingh/Documents/Claude/Projects/cutctx/.venv/lib/python3.12/site-packages/starlette/middleware/base.py", line 144, in coro
    |     await self.app(scope, receive_or_disconnect, send_no_error)
    |   File "/Users/aryansingh/Documents/Claude/Projects/cutctx/.venv/lib/python3.12/site-packages/starlette/middleware/base.py", line 191, in __call__
    |     with recv_stream, send_stream, collapse_excgroups():
    |                                    ^^^^^^^^^^^^^^^^^^^^
    |   File "/Users/aryansingh/.local/share/uv/python/cpython-3.12.12-macos-aarch64-none/lib/python3.12/contextlib.py", line 158, in __exit__
    |     self.gen.throw(value)
    |   File "/Users/aryansingh/Documents/Claude/Projects/cutctx/.venv/lib/python3.12/site-packages/starlette/_utils.py", line 87, in collapse_excgroups
    |     raise exc
    |   File "/Users/aryansingh/Documents/Claude/Projects/cutctx/.venv/lib/python3.12/site-packages/starlette/middleware/base.py", line 193, in __call__
    |     response = await self.dispatch_func(request, call_next)
    |                ^^^^^^^^^^^^^^^^^^^^^^^^^^^^^^^^^^^^^^^^^^^^
    |   File "/Users/aryansingh/Documents/Claude/Projects/cutctx/cutctx/proxy/server.py", line 2234, in _add_version_header
    |     response = await call_next(request)
    |                ^^^^^^^^^^^^^^^^^^^^^^^^
    |   File "/Users/aryansingh/Documents/Claude/Projects/cutctx/.venv/lib/python3.12/site-packages/starlette/middleware/base.py", line 168, in call_next
    |     raise app_exc from app_exc.__cause__ or app_exc.__context__
    |   File "/Users/aryansingh/Documents/Claude/Projects/cutctx/.venv/lib/python3.12/site-packages/starlette/middleware/base.py", line 144, in coro
    |     await self.app(scope, receive_or_disconnect, send_no_error)
    |   File "/Users/aryansingh/Documents/Claude/Projects/cutctx/.venv/lib/python3.12/site-packages/starlette/middleware/base.py", line 191, in __call__
    |     with recv_stream, send_stream, collapse_excgroups():
    |                                    ^^^^^^^^^^^^^^^^^^^^
    |   File "/Users/aryansingh/.local/share/uv/python/cpython-3.12.12-macos-aarch64-none/lib/python3.12/contextlib.py", line 158, in __exit__
    |     self.gen.throw(value)
    |   File "/Users/aryansingh/Documents/Claude/Projects/cutctx/.venv/lib/python3.12/site-packages/starlette/_utils.py", line 87, in collapse_excgroups
    |     raise exc
    |   File "/Users/aryansingh/Documents/Claude/Projects/cutctx/.venv/lib/python3.12/site-packages/starlette/middleware/base.py", line 193, in __call__
    |     response = await self.dispatch_func(request, call_next)
    |                ^^^^^^^^^^^^^^^^^^^^^^^^^^^^^^^^^^^^^^^^^^^^
    |   File "/Users/aryansingh/Documents/Claude/Projects/cutctx/cutctx/proxy/server.py", line 2226, in _request_id_middleware
    |     response = await call_next(request)
    |                ^^^^^^^^^^^^^^^^^^^^^^^^
    |   File "/Users/aryansingh/Documents/Claude/Projects/cutctx/.venv/lib/python3.12/site-packages/starlette/middleware/base.py", line 168, in call_next
    |     raise app_exc from app_exc.__cause__ or app_exc.__context__
    |   File "/Users/aryansingh/Documents/Claude/Projects/cutctx/.venv/lib/python3.12/site-packages/starlette/middleware/base.py", line 144, in coro
    |     await self.app(scope, receive_or_disconnect, send_no_error)
    |   File "/Users/aryansingh/Documents/Claude/Projects/cutctx/.venv/lib/python3.12/site-packages/starlette/middleware/cors.py", line 88, in __call__
    |     await self.app(scope, receive, send)
    |   File "/Users/aryansingh/Documents/Claude/Projects/cutctx/.venv/lib/python3.12/site-packages/starlette/middleware/exceptions.py", line 63, in __call__
    |     await wrap_app_handling_exceptions(self.app, conn)(scope, receive, send)
    |   File "/Users/aryansingh/Documents/Claude/Projects/cutctx/.venv/lib/python3.12/site-packages/starlette/_exception_handler.py", line 53, in wrapped_app
    |     raise exc
    |   File "/Users/aryansingh/Documents/Claude/Projects/cutctx/.venv/lib/python3.12/site-packages/starlette/_exception_handler.py", line 42, in wrapped_app
    |     await app(scope, receive, sender)
    |   File "/Users/aryansingh/Documents/Claude/Projects/cutctx/.venv/lib/python3.12/site-packages/fastapi/middleware/asyncexitstack.py", line 18, in __call__
    |     await self.app(scope, receive, send)
    |   File "/Users/aryansingh/Documents/Claude/Projects/cutctx/.venv/lib/python3.12/site-packages/starlette/routing.py", line 660, in __call__
    |     await self.middleware_stack(scope, receive, send)
    |   File "/Users/aryansingh/Documents/Claude/Projects/cutctx/.venv/lib/python3.12/site-packages/starlette/routing.py", line 680, in app
    |     await route.handle(scope, receive, send)
    |   File "/Users/aryansingh/Documents/Claude/Projects/cutctx/.venv/lib/python3.12/site-packages/starlette/routing.py", line 276, in handle
    |     await self.app(scope, receive, send)
    |   File "/Users/aryansingh/Documents/Claude/Projects/cutctx/.venv/lib/python3.12/site-packages/fastapi/routing.py", line 134, in app
    |     await wrap_app_handling_exceptions(app, request)(scope, receive, send)
    |   File "/Users/aryansingh/Documents/Claude/Projects/cutctx/.venv/lib/python3.12/site-packages/starlette/_exception_handler.py", line 53, in wrapped_app
    |     raise exc
    |   File "/Users/aryansingh/Documents/Claude/Projects/cutctx/.venv/lib/python3.12/site-packages/starlette/_exception_handler.py", line 42, in wrapped_app
    |     await app(scope, receive, sender)
    |   File "/Users/aryansingh/Documents/Claude/Projects/cutctx/.venv/lib/python3.12/site-packages/fastapi/routing.py", line 120, in app
    |     response = await f(request)
    |                ^^^^^^^^^^^^^^^^
    |   File "/Users/aryansingh/Documents/Claude/Projects/cutctx/.venv/lib/python3.12/site-packages/fastapi/routing.py", line 674, in app
    |     raw_response = await run_endpoint_function(
    |                    ^^^^^^^^^^^^^^^^^^^^^^^^^^^^
    |   File "/Users/aryansingh/Documents/Claude/Projects/cutctx/.venv/lib/python3.12/site-packages/fastapi/routing.py", line 328, in run_endpoint_function
    |     return await dependant.call(**values)
    |            ^^^^^^^^^^^^^^^^^^^^^^^^^^^^^^
    |   File "/Users/aryansingh/Documents/Claude/Projects/cutctx/cutctx/providers/proxy_routes.py", line 759, in passthrough
    |     return await proxy.handle_passthrough(
    |            ^^^^^^^^^^^^^^^^^^^^^^^^^^^^^^^
    |   File "/Users/aryansingh/Documents/Claude/Projects/cutctx/cutctx/proxy/handlers/openai/passthrough.py", line 104, in handle_passthrough
    |     response = await self.http_client.request(  # type: ignore[union-attr]
    |                      ^^^^^^^^^^^^^^^^^^^^^^^^
    | AttributeError: 'NoneType' object has no attribute 'request'
    +------------------------------------

The above exception was the direct cause of the following exception:

Traceback (most recent call last):
  File "/Users/aryansingh/Documents/Claude/Projects/cutctx/tests/test_dsr_endpoints.py", line 37, in test_dsr_export_unauthenticated_rejected
    r = client.get("/v1/me/export?user_id=alice")
        ^^^^^^^^^^^^^^^^^^^^^^^^^^^^^^^^^^^^^^^^^
  File "/Users/aryansingh/Documents/Claude/Projects/cutctx/.venv/lib/python3.12/site-packages/starlette/testclient.py", line 473, in get
    return super().get(
           ^^^^^^^^^^^^
  File "/Users/aryansingh/Documents/Claude/Projects/cutctx/.venv/lib/python3.12/site-packages/httpx/_client.py", line 1053, in get
    return self.request(
           ^^^^^^^^^^^^^
  File "/Users/aryansingh/Documents/Claude/Projects/cutctx/.venv/lib/python3.12/site-packages/starlette/testclient.py", line 445, in request
    return super().request(
           ^^^^^^^^^^^^^^^^
  File "/Users/aryansingh/Documents/Claude/Projects/cutctx/.venv/lib/python3.12/site-packages/httpx/_client.py", line 825, in request
    return self.send(request, auth=auth, follow_redirects=follow_redirects)
           ^^^^^^^^^^^^^^^^^^^^^^^^^^^^^^^^^^^^^^^^^^^^^^^^^^^^^^^^^^^^^^^^
  File "/Users/aryansingh/Documents/Claude/Projects/cutctx/.venv/lib/python3.12/site-packages/httpx/_client.py", line 914, in send
    response = self._send_handling_auth(
               ^^^^^^^^^^^^^^^^^^^^^^^^^
  File "/Users/aryansingh/Documents/Claude/Projects/cutctx/.venv/lib/python3.12/site-packages/httpx/_client.py", line 942, in _send_handling_auth
    response = self._send_handling_redirects(
               ^^^^^^^^^^^^^^^^^^^^^^^^^^^^^^
  File "/Users/aryansingh/Documents/Claude/Projects/cutctx/.venv/lib/python3.12/site-packages/httpx/_client.py", line 979, in _send_handling_redirects
    response = self._send_single_request(request)
               ^^^^^^^^^^^^^^^^^^^^^^^^^^^^^^^^^^
  File "/Users/aryansingh/Documents/Claude/Projects/cutctx/.venv/lib/python3.12/site-packages/httpx/_client.py", line 1014, in _send_single_request
    response = transport.handle_request(request)
               ^^^^^^^^^^^^^^^^^^^^^^^^^^^^^^^^^
  File "/Users/aryansingh/Documents/Claude/Projects/cutctx/.venv/lib/python3.12/site-packages/starlette/testclient.py", line 348, in handle_request
    raise exc
  File "/Users/aryansingh/Documents/Claude/Projects/cutctx/.venv/lib/python3.12/site-packages/starlette/testclient.py", line 345, in handle_request
    portal.call(self.app, scope, receive, send)
  File "/Users/aryansingh/Documents/Claude/Projects/cutctx/.venv/lib/python3.12/site-packages/anyio/from_thread.py", line 334, in call
    return cast(T_Retval, self.start_task_soon(func, *args).result())
                          ^^^^^^^^^^^^^^^^^^^^^^^^^^^^^^^^^^^^^^^^^^
  File "/Users/aryansingh/.local/share/uv/python/cpython-3.12.12-macos-aarch64-none/lib/python3.12/concurrent/futures/_base.py", line 456, in result
    return self.__get_result()
           ^^^^^^^^^^^^^^^^^^^
  File "/Users/aryansingh/.local/share/uv/python/cpython-3.12.12-macos-aarch64-none/lib/python3.12/concurrent/futures/_base.py", line 401, in __get_result
    raise self._exception
  File "/Users/aryansingh/Documents/Claude/Projects/cutctx/.venv/lib/python3.12/site-packages/anyio/from_thread.py", line 259, in _call_func
    retval = await retval_or_awaitable
             ^^^^^^^^^^^^^^^^^^^^^^^^^
  File "/Users/aryansingh/Documents/Claude/Projects/cutctx/.venv/lib/python3.12/site-packages/fastapi/applications.py", line 1159, in __call__
    await super().__call__(scope, receive, send)
  File "/Users/aryansingh/Documents/Claude/Projects/cutctx/.venv/lib/python3.12/site-packages/starlette/applications.py", line 90, in __call__
    await self.middleware_stack(scope, receive, send)
  File "/Users/aryansingh/Documents/Claude/Projects/cutctx/.venv/lib/python3.12/site-packages/starlette/middleware/errors.py", line 186, in __call__
    raise exc
  File "/Users/aryansingh/Documents/Claude/Projects/cutctx/.venv/lib/python3.12/site-packages/starlette/middleware/errors.py", line 164, in __call__
    await self.app(scope, receive, _send)
  File "/Users/aryansingh/Documents/Claude/Projects/cutctx/.venv/lib/python3.12/site-packages/starlette/middleware/base.py", line 191, in __call__
    with recv_stream, send_stream, collapse_excgroups():
                                   ^^^^^^^^^^^^^^^^^^^^
  File "/Users/aryansingh/.local/share/uv/python/cpython-3.12.12-macos-aarch64-none/lib/python3.12/contextlib.py", line 158, in __exit__
    self.gen.throw(value)
  File "/Users/aryansingh/Documents/Claude/Projects/cutctx/.venv/lib/python3.12/site-packages/starlette/_utils.py", line 87, in collapse_excgroups
    raise exc
  File "/Users/aryansingh/Documents/Claude/Projects/cutctx/.venv/lib/python3.12/site-packages/starlette/middleware/base.py", line 193, in __call__
    response = await self.dispatch_func(request, call_next)
               ^^^^^^^^^^^^^^^^^^^^^^^^^^^^^^^^^^^^^^^^^^^^
  File "/Users/aryansingh/Documents/Claude/Projects/cutctx/cutctx/proxy/server.py", line 3014, in _record_cutctx_stack
    response = await call_next(request)
               ^^^^^^^^^^^^^^^^^^^^^^^^
  File "/Users/aryansingh/Documents/Claude/Projects/cutctx/.venv/lib/python3.12/site-packages/starlette/middleware/base.py", line 168, in call_next
    raise app_exc from app_exc.__cause__ or app_exc.__context__
  File "/Users/aryansingh/Documents/Claude/Projects/cutctx/.venv/lib/python3.12/site-packages/starlette/middleware/base.py", line 144, in coro
    await self.app(scope, receive_or_disconnect, send_no_error)
[...]
/Users/aryansingh/Documents/Claude/Projects/cutctx/tests/test_transforms/test_diff_compressor_rust_parity.py:72: AssertionError: 9b9a03215a7198bf.json: compressed differs
E   AssertionError: b0b83d16366edfed.json: compressed differs
    assert 'diff --git a...\n# variant 4' == 'diff --git a...\n# variant 4'
      
      Skipping 68 identical leading characters in diff, use -v to show
        1
        +x = 2
      -  y = 3
         z = 4
        # variant 4
/Users/aryansingh/Documents/Claude/Projects/cutctx/tests/test_transforms/test_diff_compressor_rust_parity.py:72: AssertionError: b0b83d16366edfed.json: compressed differs
E   AssertionError: b605bd89e234cbff.json: compressed differs
    assert 'diff --git a...\n# variant 3' == 'diff --git a...\n# variant 3'
      
      Skipping 99 identical leading characters in diff, use -v to show
      - nged_line_0
      ?           ^
      + nged_line_3
      ?           ^
      -  unchanged_line_1...
      
      ...Full output truncated (11 lines hidden), use '-vv' to show
/Users/aryansingh/Documents/Claude/Projects/cutctx/tests/test_transforms/test_diff_compressor_rust_parity.py:72: AssertionError: b605bd89e234cbff.json: compressed differs
E   AssertionError: c6b6d5c9fd7f1ad2.json: compressed differs
    assert 'diff --git a...\n# variant 4' == 'diff --git a...\n# variant 4'
      
      Skipping 99 identical leading characters in diff, use -v to show
      - nged_line_0
      ?           ^
      + nged_line_3
      ?           ^
      -  unchanged_line_1...
      
      ...Full output truncated (11 lines hidden), use '-vv' to show
/Users/aryansingh/Documents/Claude/Projects/cutctx/tests/test_transforms/test_diff_compressor_rust_parity.py:72: AssertionError: c6b6d5c9fd7f1ad2.json: compressed differs
E   AssertionError: c72662c635d1defa.json: compressed differs
    assert 'diff --git a...\n# variant 1' == 'diff --git a...\n# variant 1'
      
      Skipping 99 identical leading characters in diff, use -v to show
      - nged_line_0
      ?           ^
      + nged_line_3
      ?           ^
      -  unchanged_line_1...
      
      ...Full output truncated (11 lines hidden), use '-vv' to show
/Users/aryansingh/Documents/Claude/Projects/cutctx/tests/test_transforms/test_diff_compressor_rust_parity.py:72: AssertionError: c72662c635d1defa.json: compressed differs
E   AssertionError: d0ba5cae330722be.json: compressed differs
    assert 'diff --git a...\n# variant 5' == 'diff --git a...\n# variant 5'
      
      Skipping 68 identical leading characters in diff, use -v to show
        1
        +x = 2
      -  y = 3
         z = 4
        # variant 5
/Users/aryansingh/Documents/Claude/Projects/cutctx/tests/test_transforms/test_diff_compressor_rust_parity.py:72: AssertionError: d0ba5cae330722be.json: compressed differs
E   AssertionError: d0e62d2f1493bd72.json: compressed differs
    assert 'diff --git a...\n# variant 1' == 'diff --git a...\n# variant 1'
      
      Skipping 68 identical leading characters in diff, use -v to show
        1
        +x = 2
      -  y = 3
         z = 4
        # variant 1
/Users/aryansingh/Documents/Claude/Projects/cutctx/tests/test_transforms/test_diff_compressor_rust_parity.py:72: AssertionError: d0e62d2f1493bd72.json: compressed differs
E   AssertionError: assert 1 == 0
     +  where 1 = DiffCompressionResult(compressed='diff --git a/merge_target.py b/merge_target.py\n--- a/merge_target.py\n+++ b/merge_t...3, compressed_line_count=13, files_affected=1, additions=0, deletions=0, hunks_kept=0, hunks_removed=0, cache_key=None).files_affected
/Users/aryansingh/Documents/Claude/Projects/cutctx/tests/test_transforms/test_diff_compressor_rust_parity.py:75: AssertionError: assert 1 == 0
E   AssertionError: e9c505e42b2b2edc.json: compressed differs
    assert 'diff --git a...\n# variant 3' == 'diff --git a...\n# variant 3'
      
      Skipping 68 identical leading characters in diff, use -v to show
        1
        +x = 2
      -  y = 3
         z = 4
        # variant 3
/Users/aryansingh/Documents/Claude/Projects/cutctx/tests/test_transforms/test_diff_compressor_rust_parity.py:72: AssertionError: e9c505e42b2b2edc.json: compressed differs
E   RuntimeError: CUTCTX_WEBHOOK_SECRET environment variable is required when CUTCTX_WEBHOOK_URL is set. Generate one with: openssl rand -hex 32
/Users/aryansingh/Documents/Claude/Projects/cutctx/cutctx/proxy/webhooks.py:217: RuntimeError: CUTCTX_WEBHOOK_SECRET environment variable is required when CUTCTX_WEBHOOK_URL is set. Generate one with: openssl rand -hex 32
E   assert 16 == 1
/Users/aryansingh/Documents/Claude/Projects/cutctx/tests/test_webhooks.py:429: assert 16 == 1
=============================== warnings summary ===============================
<frozen importlib._bootstrap>:488
  <frozen importlib._bootstrap>:488: DeprecationWarning: builtin type SwigPyPacked has no __module__ attribute

<frozen importlib._bootstrap>:488
  <frozen importlib._bootstrap>:488: DeprecationWarning: builtin type SwigPyObject has no __module__ attribute

tests/test_adapter_hooks.py::TestAdapterLifecycle::test_toin_save_load_preserves_patterns
  /Users/aryansingh/Documents/Claude/Projects/cutctx/tests/test_adapter_hooks.py:559: DeprecationWarning: ToolIntelligenceNetwork.get_recommendation() is deprecated and now returns None. PR-B5 retired the request-time hint API; recommendations come from recommendations.toml at startup. See cutctx/telemetry/toin.py module docstring.
    assert toin2.get_recommendation(sig) is None

tests/test_episodic_memory_proxy_integration.py::TestSessionTrackerIntegration::test_tracker_initialization
  <string>:0: RuntimeWarning: coroutine 'AsyncMockMixin._execute_mock_call' was never awaited
  Enable tracemalloc to get traceback where the object was allocated.
  See https://docs.pytest.org/en/stable/how-to/capture-warnings.html#resource-warnings for more info.

tests/test_graph.py::test_download_cbm_success_and_verification_paths
tests/test_graph.py::test_download_cbm_success_and_verification_paths
tests/test_graph.py::test_download_cbm_success_and_verification_paths
  /Users/aryansingh/Documents/Claude/Projects/cutctx/cutctx/graph/installer.py:86: DeprecationWarning: Python 3.14 will, by default, filter extracted tar archives and reject files or modify their metadata. Use the filter argument to control this behavior.
    tar.extract(member, CBM_BIN_DIR)

tests/test_lean_ctx_installer.py::test_download_lean_ctx_skips_verify_for_non_native_target
tests/test_lean_ctx_installer.py::test_download_lean_ctx_verifies_native_target
  /Users/aryansingh/Documents/Claude/Projects/cutctx/cutctx/lean_ctx/installer.py:121: DeprecationWarning: Python 3.14 will, by default, filter extracted tar archives and reject files or modify their metadata. Use the filter argument to control this behavior.
    tar.extract(member, LEAN_CTX_BIN_DIR)

tests/test_pipeline_integration.py::TestEnsemblePipeline::test_ensemble_disabled_passthrough
  /Users/aryansingh/Documents/Claude/Projects/cutctx/cutctx/proxy/ensemble.py:382: RuntimeWarning: coroutine 'AsyncMockMixin._execute_mock_call' was never awaited
    resp.raise_for_status()
  Enable tracemalloc to get traceback where the object was allocated.
  See https://docs.pytest.org/en/stable/how-to/capture-warnings.html#resource-warnings for more info.

tests/test_pipeline_integration.py::TestEnsemblePipeline::test_ensemble_disabled_passthrough
  /Users/aryansingh/Documents/Claude/Projects/cutctx/cutctx/proxy/ensemble.py:285: RuntimeWarning: coroutine 'AsyncMockMixin._execute_mock_call' was never awaited
    return ModelResult(
  Enable tracemalloc to get traceback where the object was allocated.
  See https://docs.pytest.org/en/stable/how-to/capture-warnings.html#resource-warnings for more info.

tests/test_pipeline_integration.py::TestEnsemblePipeline::test_ensemble_disabled_passthrough
  /Users/aryansingh/Documents/Claude/Projects/cutctx/cutctx/proxy/ensemble.py:417: RuntimeWarning: coroutine 'AsyncMockMixin._execute_mock_call' was never awaited
    resp.raise_for_status()
  Enable tracemalloc to get traceback where the object was allocated.
  See https://docs.pytest.org/en/stable/how-to/capture-warnings.html#resource-warnings for more info.

tests/test_providers/test_anthropic.py::TestAnthropicTokenCounting::test_count_text_fallback
  /Users/aryansingh/Documents/Claude/Projects/cutctx/.venv/lib/python3.12/site-packages/_pytest/python.py:166: UserWarning: AnthropicProvider: No client provided, using tiktoken approximation. For accurate counting, pass an Anthropic client: AnthropicProvider(client=Anthropic())
    result = testfunction(**testargs)

tests/test_providers/test_cohere.py::TestCohereProvider::test_get_token_counter
  /Users/aryansingh/Documents/Claude/Projects/cutctx/.venv/lib/python3.12/site-packages/_pytest/python.py:166: UserWarning: CohereProvider: No client provided, using estimation. For accurate counting, pass a Cohere client: CohereProvider(client=cohere.ClientV2())
    result = testfunction(**testargs)

tests/test_providers/test_openai.py::TestOpenAICostEstimation::test_estimate_cost_input_only
  /Users/aryansingh/Documents/Claude/Projects/cutctx/cutctx/providers/openai.py:538: UserWarning: OpenAI pricing data is 526 days old. Cost estimates may be inaccurate. Verify against actual billing.
    return self._estimate_cost_manual(input_tokens, output_tokens, model, cached_tokens)

tests/test_providers/test_universal.py::TestGoogleProvider::test_get_token_counter
  /Users/aryansingh/Documents/Claude/Projects/cutctx/.venv/lib/python3.12/site-packages/_pytest/python.py:166: UserWarning: GoogleProvider: No client provided, using estimation. For accurate counting, pass google.generativeai: GoogleProvider(client=genai)
    result = testfunction(**testargs)

tests/test_rtk_installer.py::test_download_rtk_skips_verify_for_non_native_target
  /Users/aryansingh/Documents/Claude/Projects/cutctx/cutctx/rtk/installer.py:119: DeprecationWarning: Python 3.14 will, by default, filter extracted tar archives and reject files or modify their metadata. Use the filter argument to control this behavior.
    tar.extract(member, RTK_BIN_DIR)

-- Docs: https://docs.pytest.org/en/stable/how-to/capture-warnings.html
=========================== short test summary info ============================
FAILED tests/test_agent_savings.py::test_agent_90_router_json_tool_output_reaches_target_with_needle
FAILED tests/test_canonical_pipeline.py::test_cutctx_client_emits_canonical_pipeline_events
FAILED tests/test_capability_extensions.py::TestLicenseDB::test_upsert_and_get
FAILED tests/test_ccr_batch_store.py::test_batch_context_store_cleanup_stats_and_memory_stats
FAILED tests/test_ccr_mcp_server.py::test_mcp_uses_shared_singleton_store - A...
FAILED tests/test_ccr_mcp_server.py::test_mcp_retrieves_proxy_stored_content
FAILED tests/test_ccr_mcp_server.py::test_mcp_compress_reports_zero_savings_for_noop_ratio_mismatch
FAILED tests/test_ccr_row_drop_store_bridge.py::test_v1_compress_then_v1_retrieve_resolves_marker_hash
FAILED tests/test_cli/test_init_cli.py::test_init_verbose_enables_debug_logging_on_stderr
FAILED tests/test_cli/test_wrap_codex.py::test_wrap_codex_prepare_only_updates_stale_mcp_proxy_url
FAILED tests/test_codex_ws_compression_scheduler.py::test_module_global_unit_semaphore_is_removed
FAILED tests/test_codex_ws_compression_scheduler.py::test_no_per_call_threadpool_inside_compress_routed_units
FAILED tests/test_compression_safety_rails.py::TestPipelineCircuitBreaker::test_opens_after_threshold_and_passes_through
FAILED tests/test_compression_safety_rails.py::TestPipelineCircuitBreaker::test_success_resets_consecutive_failures
FAILED tests/test_compression_safety_rails.py::TestPipelineCircuitBreaker::test_cooldown_expiry_closes_breaker
FAILED tests/test_compression_safety_rails.py::TestPipelineCircuitBreaker::test_invalid_env_values_fall_back_to_defaults
FAILED tests/test_compression_safety_rails.py::TestPipelineCircuitBreaker::test_disabled_via_env
FAILED tests/test_dashboard_cache_ttl_playwright.py::test_dashboard_renders_observed_ttl_metrics_and_can_capture_screenshot
FAILED tests/test_drain3_compressor.py::TestLinesOmitted::test_omitted_on_repetitive
FAILED tests/test_drain3_compressor.py::TestFallbackOnError::test_no_crash_without_drain3_and_broken_fallback
FAILED tests/test_dsr_endpoints.py::test_dsr_export_unauthenticated_rejected
FAILED tests/test_dsr_endpoints.py::test_dsr_delete_unauthenticated_rejected
FAILED tests/test_dsr_endpoints.py::test_dsr_export_no_user_id_returns_400 - ...
FAILED tests/test_dsr_endpoints.py::test_dsr_delete_no_user_id_returns_400 - ...
FAILED tests/test_dsr_endpoints.py::test_dsr_export_query_param_user_id - Att...
FAILED tests/test_dsr_endpoints.py::test_dsr_delete_body_user_id - AttributeE...
FAILED tests/test_dsr_endpoints.py::test_dsr_export_sso_user_id_from_state - ...
FAILED tests/test_install/test_supervisors.py::test_command_for_script_and_unix_runner
FAILED tests/test_install/test_supervisors.py::test_render_windows_runner_writes_ps1_and_cmd_wrappers
FAILED tests/test_integrations/agno/test_hooks.py::TestCutctxPreHook::test_init_with_custom_config
FAILED tests/test_integrations/agno/test_hooks.py::TestCreateCutctxHooks::test_passes_config_to_pre_hook
FAILED tests/test_integrations/agno/test_hooks.py::TestCreateCutctxHooks::test_passes_mode_to_pre_hook
FAILED tests/test_integrations/agno/test_hooks.py::TestCreateCutctxHooks::test_all_parameters
FAILED tests/test_integrations/agno/test_model.py::TestCutctxAgnoModel::test_init_with_custom_config
FAILED tests/test_integrations/agno/test_model.py::TestOptimizeMessages::test_with_custom_config
FAILED tests/test_integrations/agno/test_model.py::TestIntegrationWithRealCutctx::test_real_optimization_pipeline
FAILED tests/test_integrations/agno/test_model.py::TestReasoningCapabilityForwarding::test_underlying_model_class_introspection
FAILED tests/test_integrations/agno/test_model.py::TestRealAgnoIntegration::test_is_subclass_of_agno_model
FAILED tests/test_integrations/agno/test_model.py::TestRealAgnoIntegration::test_model_with_custom_cutctx_config
FAILED tests/test_integrations/langchain/test_chat_model.py::TestCutctxChatModel::test_init_with_custom_config
FAILED tests/test_integrations/langchain/test_chat_model.py::TestCutctxChatModel::test_llm_type
FAILED tests/test_integrations/langchain/test_chat_model.py::TestCutctxRunnable::test_init_custom_config
FAILED tests/test_integrations/langchain/test_chat_model.py::TestOptimizeMessages::test_with_custom_config
FAILED tests/test_integrations/langchain/test_chat_model.py::TestIntegrationWithRealCutctx::test_real_optimization_pipeline
FAILED tests/test_learn/test_scanner.py::TestGreedyPathDecode::test_multi_hyphen_dot_dir_containing_subproject
FAILED tests/test_learn/test_scanner.py::TestGreedyPathDecode::test_hybrid_hyphen_and_dot_flattening
FAILED tests/test_mcp_registry/test_codex_registrar.py::test_register_creates_config_when_missing
FAILED tests/test_mcp_registry/test_codex_registrar.py::test_register_cutctx_and_serena_coexist
FAILED tests/test_mcp_registry/test_codex_registrar.py::test_unregister_serena_preserves_cutctx_block
FAILED tests/test_memory_bridge.py::TestClaudeCodeParser::test_bullets_become_facts
FAILED tests/test_memory_bridge.py::TestClaudeCodeParser::test_bold_text_extracted_as_entities
FAILED tests/test_memory_bridge.py::TestRelationshipExtraction::test_bold_colon_pattern
FAILED tests/test_memory_bridge.py::TestRoundTrip::test_import_export_preserves_facts
FAILED tests/test_memory_storage_router.py::test_resolver_tier4_env_block_primary_working_directory
FAILED tests/test_network_diff_capture.py::test_network_diff_cli_writes_markdown_and_json
FAILED tests/test_observability_tracing.py::test_transform_pipeline_emits_trace_spans
FAILED tests/test_openai_codex_ws_lifecycle.py::test_ws_connect_failure_falls_back_to_http
FAILED tests/test_package_init_lazy.py::test_cutctx_import_stays_lazy - ass...
FAILED tests/test_plugin_manifests.py::test_marketplace_entry_points_to_plugin_root
FAILED tests/test_proxy_dashboard_stats_cache.py::test_stats_cached_query_reuses_short_ttl_snapshot
FAILED tests/test_proxy_dashboard_stats_cache.py::test_stats_reports_lean_ctx_as_selected_cli_filter
FAILED tests/test_proxy_dashboard_stats_cache.py::test_stats_reset_clears_runtime_proxy_counters
FAILED tests/test_release_workflows.py::test_release_please_config_and_manifest_are_present_and_consistent
FAILED tests/test_route_modules.py::test_secrets_list_authenticated_empty - A...
FAILED tests/test_transforms/test_diff_compressor_rust_parity.py::test_rust_backend_matches_recorded_output[066bc82007dc2dd4.json]
FAILED tests/test_transforms/test_diff_compressor_rust_parity.py::test_rust_backend_matches_recorded_output[10f0106f40cbe2fa.json]
FAILED tests/test_transforms/test_diff_compressor_rust_parity.py::test_rust_backend_matches_recorded_output[1bdfa041108f0aad.json]
FAILED tests/test_transforms/test_diff_compressor_rust_parity.py::test_rust_backend_matches_recorded_output[1eeb1f7ae64c7744.json]
FAILED tests/test_transforms/test_diff_compressor_rust_parity.py::test_rust_backend_matches_recorded_output[2c07a365f52d6fa6.json]
FAILED tests/test_transforms/test_diff_compressor_rust_parity.py::test_rust_backend_matches_recorded_output[2cd095b132f5da3f.json]
FAILED tests/test_transforms/test_diff_compressor_rust_parity.py::test_rust_backend_matches_recorded_output[2eb4b13b37f376d6.json]
FAILED tests/test_transforms/test_diff_compressor_rust_parity.py::test_rust_backend_matches_recorded_output[433b2d25303645ed.json]
FAILED tests/test_transforms/test_diff_compressor_rust_parity.py::test_rust_backend_matches_recorded_output[4844a5f9605b8425.json]
FAILED tests/test_transforms/test_diff_compressor_rust_parity.py::test_rust_backend_matches_recorded_output[649fd65ad3511191.json]
FAILED tests/test_transforms/test_diff_compressor_rust_parity.py::test_rust_backend_matches_recorded_output[66c86f64baebfc3f.json]
FAILED tests/test_transforms/test_diff_compressor_rust_parity.py::test_rust_backend_matches_recorded_output[88b4d4a7e93014e5.json]
FAILED tests/test_transforms/test_diff_compressor_rust_parity.py::test_rust_backend_matches_recorded_output[97bde326d96a1165.json]
FAILED tests/test_transforms/test_diff_compressor_rust_parity.py::test_rust_backend_matches_recorded_output[9b9a03215a7198bf.json]
FAILED tests/test_transforms/test_diff_compressor_rust_parity.py::test_rust_backend_matches_recorded_output[b0b83d16366edfed.json]
FAILED tests/test_transforms/test_diff_compressor_rust_parity.py::test_rust_backend_matches_recorded_output[b605bd89e234cbff.json]
FAILED tests/test_transforms/test_diff_compressor_rust_parity.py::test_rust_backend_matches_recorded_output[c6b6d5c9fd7f1ad2.json]
FAILED tests/test_transforms/test_diff_compressor_rust_parity.py::test_rust_backend_matches_recorded_output[c72662c635d1defa.json]
FAILED tests/test_transforms/test_diff_compressor_rust_parity.py::test_rust_backend_matches_recorded_output[d0ba5cae330722be.json]
FAILED tests/test_transforms/test_diff_compressor_rust_parity.py::test_rust_backend_matches_recorded_output[d0e62d2f1493bd72.json]
FAILED tests/test_transforms/test_diff_compressor_rust_parity.py::test_rust_backend_matches_recorded_output[da9afe00e9846ce4.json]
FAILED tests/test_transforms/test_diff_compressor_rust_parity.py::test_rust_backend_matches_recorded_output[e9c505e42b2b2edc.json]
FAILED tests/test_webhooks.py::test_env_var_auto_subscription - RuntimeError:...
FAILED tests/test_webhooks.py::test_fire_webhook_helper_singleton_lifecycle
ERROR tests/test_dashboard/test_live_feed.py::test_live_feed_button_exists - ...
ERROR tests/test_dashboard/test_live_feed.py::test_live_feed_drawer_opens - p...
ERROR tests/test_dashboard/test_live_feed.py::test_live_feed_shows_empty_state
ERROR tests/test_dashboard/test_live_feed.py::test_live_feed_fetches_and_displays
= 88 failed, 7279 passed, 258 skipped, 17 warnings, 4 errors in 284.39s (0:04:44) =
